<?xml version="1.0" encoding="UTF-8"?>
<!-- Generated by org.testng.reporters.JUnitXMLReporter -->
<testsuite ignored="2" hostname="bhagyak" failures="0" tests="3" name="Test" time="80.098" errors="0" timestamp="2026-01-02T10:10:53 IST">
  <testcase classname="GeneralStore.TC1_HomePage" name="homePagePositiveTest" time="36.532"/>
  <testcase classname="GeneralStore.TC1_HomePage" name="homePageNegativeTest" time="1.614"/>
  <testcase classname="GeneralStore.TC2_AddToCart" name="addToCartTest" time="17.336"/>
  <testcase classname="GeneralStore.BaseTest_GeneralStore" name="@AfterSuite stopAppiumServer" time="0.0">
    <ignored/>
  </testcase> <!-- @AfterSuite stopAppiumServer -->
  <testcase classname="GeneralStore.BaseTest_GeneralStore" name="@BeforeSuite startAppiumServer" time="0.0">
    <ignored/>
  </testcase> <!-- @BeforeSuite startAppiumServer -->
</testsuite> <!-- Test -->
