<?xml version="1.0" encoding="UTF-8"?>
<testng-results ignored="0" total="1" passed="1" failed="0" skipped="0">
  <reporter-output>
  </reporter-output>
  <suite started-at="2026-01-11T14:16:23 IST" name="Default suite" finished-at="2026-01-11T14:16:35 IST" duration-ms="12102">
    <groups>
    </groups>
    <test started-at="2026-01-11T14:16:23 IST" name="Default test" finished-at="2026-01-11T14:16:35 IST" duration-ms="12102">
      <class name="AutomateMobileBrowser.MobileBrowserTest2">
        <test-method is-config="true" signature="startAppiumServer()[pri:0, instance:AutomateMobileBrowser.MobileBrowserTest2@38425407]" started-at="2026-01-11T14:16:23 IST" name="startAppiumServer" finished-at="2026-01-11T14:16:23 IST" duration-ms="96" status="PASS">
          <reporter-output>
          </reporter-output>
        </test-method> <!-- startAppiumServer -->
        <test-method is-config="true" signature="setUp()[pri:0, instance:AutomateMobileBrowser.MobileBrowserTest2@38425407]" started-at="2026-01-11T14:16:23 IST" name="setUp" finished-at="2026-01-11T14:16:32 IST" duration-ms="9168" status="PASS">
          <reporter-output>
          </reporter-output>
        </test-method> <!-- setUp -->
        <test-method signature="mobileBrowserTest()[pri:0, instance:AutomateMobileBrowser.MobileBrowserTest2@38425407]" started-at="2026-01-11T14:16:32 IST" name="mobileBrowserTest" finished-at="2026-01-11T14:16:34 IST" duration-ms="2231" status="PASS">
          <reporter-output>
          </reporter-output>
        </test-method> <!-- mobileBrowserTest -->
        <test-method is-config="true" signature="tearDown()[pri:0, instance:AutomateMobileBrowser.MobileBrowserTest2@38425407]" started-at="2026-01-11T14:16:34 IST" name="tearDown" finished-at="2026-01-11T14:16:35 IST" duration-ms="659" status="PASS">
          <reporter-output>
          </reporter-output>
        </test-method> <!-- tearDown -->
        <test-method is-config="true" signature="stopAppiumServer()[pri:0, instance:AutomateMobileBrowser.MobileBrowserTest2@38425407]" started-at="2026-01-11T14:16:35 IST" name="stopAppiumServer" finished-at="2026-01-11T14:16:35 IST" duration-ms="8" status="PASS">
          <reporter-output>
          </reporter-output>
        </test-method> <!-- stopAppiumServer -->
      </class> <!-- AutomateMobileBrowser.MobileBrowserTest2 -->
    </test> <!-- Default test -->
  </suite> <!-- Default suite -->
</testng-results>
