<?xml version="1.0" encoding="UTF-8"?>
<testng-results ignored="0" total="1" passed="1" failed="0" skipped="0">
  <reporter-output>
  </reporter-output>
  <suite started-at="2026-01-09T20:50:00 IST" name="Default suite" finished-at="2026-01-09T20:50:27 IST" duration-ms="27465">
    <groups>
    </groups>
    <test started-at="2026-01-09T20:50:00 IST" name="Default test" finished-at="2026-01-09T20:50:27 IST" duration-ms="27465">
      <class name="GeneralStore.TC4_ValidateTotalPriceOfProducts">
        <test-method is-config="true" signature="startAppiumServer()[pri:0, instance:GeneralStore.TC4_ValidateTotalPriceOfProducts@327514f]" started-at="2026-01-09T20:50:00 IST" name="startAppiumServer" finished-at="2026-01-09T20:50:00 IST" duration-ms="97" status="PASS">
          <reporter-output>
          </reporter-output>
        </test-method> <!-- startAppiumServer -->
        <test-method is-config="true" signature="setUp()[pri:0, instance:GeneralStore.TC4_ValidateTotalPriceOfProducts@327514f]" started-at="2026-01-09T20:50:00 IST" name="setUp" finished-at="2026-01-09T20:50:06 IST" duration-ms="5744" status="PASS">
          <reporter-output>
          </reporter-output>
        </test-method> <!-- setUp -->
        <test-method signature="checkoutPageProductValidationTest()[pri:2, instance:GeneralStore.TC4_ValidateTotalPriceOfProducts@327514f]" started-at="2026-01-09T20:50:06 IST" name="checkoutPageProductValidationTest" finished-at="2026-01-09T20:50:27 IST" duration-ms="21198" status="PASS">
          <reporter-output>
          </reporter-output>
        </test-method> <!-- checkoutPageProductValidationTest -->
        <test-method is-config="true" signature="tearDown()[pri:0, instance:GeneralStore.TC4_ValidateTotalPriceOfProducts@327514f]" started-at="2026-01-09T20:50:27 IST" name="tearDown" finished-at="2026-01-09T20:50:27 IST" duration-ms="476" status="PASS">
          <reporter-output>
          </reporter-output>
        </test-method> <!-- tearDown -->
        <test-method is-config="true" signature="stopAppiumServer()[pri:0, instance:GeneralStore.TC4_ValidateTotalPriceOfProducts@327514f]" started-at="2026-01-09T20:50:27 IST" name="stopAppiumServer" finished-at="2026-01-09T20:50:27 IST" duration-ms="4" status="PASS">
          <reporter-output>
          </reporter-output>
        </test-method> <!-- stopAppiumServer -->
      </class> <!-- GeneralStore.TC4_ValidateTotalPriceOfProducts -->
    </test> <!-- Default test -->
  </suite> <!-- Default suite -->
</testng-results>
